# JRE version: Java(TM) SE Runtime Environment (8.0_101-b13) (build 1.8.0_101-b13)
# Java VM: Java HotSpot(TM) 64-Bit Server VM (25.101-b13 mixed mode windows-amd64 compressed oops)
Heap:
 PSYoungGen      total 401408K, used 64819K [0x00000000d5d80000, 0x00000000f1080000, 0x0000000100000000)
  eden space 380928K, 17% used [0x00000000d5d80000,0x00000000d9cccf20,0x00000000ed180000)
  from space 20480K, 0% used [0x00000000ee600000,0x00000000ee600000,0x00000000efa00000)
  to   space 20992K, 0% used [0x00000000ed180000,0x00000000ed180000,0x00000000ee600000)
 ParOldGen       total 118784K, used 26277K [0x0000000081800000, 0x0000000088c00000, 0x00000000d5d80000)
  object space 118784K, 22% used [0x0000000081800000,0x00000000831a9730,0x0000000088c00000)
 Metaspace       used 56695K, capacity 59719K, committed 59776K, reserved 1101824K
  class space    used 7730K, capacity 8306K, committed 8320K, reserved 1048576K
GC Heap History (10 events):
Event: 10.027 GC heap before
{Heap before GC invocations=12 (full 2):
 PSYoungGen      total 231424K, used 216576K [0x00000000d5d80000, 0x00000000eab00000, 0x0000000100000000)
  eden space 216576K, 100% used [0x00000000d5d80000,0x00000000e3100000,0x00000000e3100000)
  from space 14848K, 0% used [0x00000000e3100000,0x00000000e3100000,0x00000000e3f80000)
  to   space 16384K, 0% used [0x00000000e9b00000,0x00000000e9b00000,0x00000000eab00000)
 ParOldGen       total 84480K, used 21423K [0x0000000081800000, 0x0000000086a80000, 0x00000000d5d80000)
  object space 84480K, 25% used [0x0000000081800000,0x0000000082cebdc8,0x0000000086a80000)
 Metaspace       used 42766K, capacity 44528K, committed 44800K, reserved 1087488K
  class space    used 5733K, capacity 6118K, committed 6144K, reserved 1048576K
Event: 10.040 GC heap after
Heap after GC invocations=12 (full 2):
 PSYoungGen      total 302592K, used 10466K [0x00000000d5d80000, 0x00000000ea580000, 0x0000000100000000)
  eden space 291840K, 0% used [0x00000000d5d80000,0x00000000d5d80000,0x00000000e7a80000)
  from space 10752K, 97% used [0x00000000e9b00000,0x00000000ea538b30,0x00000000ea580000)
  to   space 16384K, 0% used [0x00000000e8580000,0x00000000e8580000,0x00000000e9580000)
 ParOldGen       total 84480K, used 21431K [0x0000000081800000, 0x0000000086a80000, 0x00000000d5d80000)
  object space 84480K, 25% used [0x0000000081800000,0x0000000082ceddc8,0x0000000086a80000)
 Metaspace       used 42766K, capacity 44528K, committed 44800K, reserved 1087488K
  class space    used 5733K, capacity 6118K, committed 6144K, reserved 1048576K
}
Event: 33.929 GC heap before
{Heap before GC invocations=13 (full 2):
 PSYoungGen      total 302592K, used 243695K [0x00000000d5d80000, 0x00000000ea580000, 0x0000000100000000)
  eden space 291840K, 79% used [0x00000000d5d80000,0x00000000e4143350,0x00000000e7a80000)
  from space 10752K, 97% used [0x00000000e9b00000,0x00000000ea538b30,0x00000000ea580000)
  to   space 16384K, 0% used [0x00000000e8580000,0x00000000e8580000,0x00000000e9580000)
 ParOldGen       total 84480K, used 21431K [0x0000000081800000, 0x0000000086a80000, 0x00000000d5d80000)
  object space 84480K, 25% used [0x0000000081800000,0x0000000082ceddc8,0x0000000086a80000)
 Metaspace       used 56285K, capacity 59027K, committed 59028K, reserved 1099776K
  class space    used 7636K, capacity 8192K, committed 8192K, reserved 1048576K
Event: 33.951 GC heap after
Heap after GC invocations=13 (full 2):
 PSYoungGen      total 319488K, used 16359K [0x00000000d5d80000, 0x00000000efa00000, 0x0000000100000000)
  eden space 303104K, 0% used [0x00000000d5d80000,0x00000000d5d80000,0x00000000e8580000)
  from space 16384K, 99% used [0x00000000e8580000,0x00000000e9579d90,0x00000000e9580000)
  to   space 20480K, 0% used [0x00000000ee600000,0x00000000ee600000,0x00000000efa00000)
 ParOldGen       total 84480K, used 27192K [0x0000000081800000, 0x0000000086a80000, 0x00000000d5d80000)
  object space 84480K, 32% used [0x0000000081800000,0x000000008328e1b0,0x0000000086a80000)
 Metaspace       used 56285K, capacity 59027K, committed 59028K, reserved 1099776K
  class space    used 7636K, capacity 8192K, committed 8192K, reserved 1048576K
}
Event: 33.952 GC heap before
{Heap before GC invocations=14 (full 3):
 PSYoungGen      total 319488K, used 16359K [0x00000000d5d80000, 0x00000000efa00000, 0x0000000100000000)
  eden space 303104K, 0% used [0x00000000d5d80000,0x00000000d5d80000,0x00000000e8580000)
  from space 16384K, 99% used [0x00000000e8580000,0x00000000e9579d90,0x00000000e9580000)
  to   space 20480K, 0% used [0x00000000ee600000,0x00000000ee600000,0x00000000efa00000)
 ParOldGen       total 84480K, used 27192K [0x0000000081800000, 0x0000000086a80000, 0x00000000d5d80000)
  object space 84480K, 32% used [0x0000000081800000,0x000000008328e1b0,0x0000000086a80000)
 Metaspace       used 56285K, capacity 59027K, committed 59028K, reserved 1099776K
  class space    used 7636K, capacity 8192K, committed 8192K, reserved 1048576K
Event: 34.184 GC heap after
Heap after GC invocations=14 (full 3):
 PSYoungGen      total 319488K, used 0K [0x00000000d5d80000, 0x00000000efa00000, 0x0000000100000000)
  eden space 303104K, 0% used [0x00000000d5d80000,0x00000000d5d80000,0x00000000e8580000)
  from space 16384K, 0% used [0x00000000e8580000,0x00000000e8580000,0x00000000e9580000)
  to   space 20480K, 0% used [0x00000000ee600000,0x00000000ee600000,0x00000000efa00000)
 ParOldGen       total 118784K, used 38077K [0x0000000081800000, 0x0000000088c00000, 0x00000000d5d80000)
  object space 118784K, 32% used [0x0000000081800000,0x0000000083d2f7d8,0x0000000088c00000)
 Metaspace       used 56285K, capacity 59027K, committed 59028K, reserved 1099776K
  class space    used 7636K, capacity 8192K, committed 8192K, reserved 1048576K
}
Event: 114.316 GC heap before
{Heap before GC invocations=15 (full 3):
 PSYoungGen      total 319488K, used 16818K [0x00000000d5d80000, 0x00000000efa00000, 0x0000000100000000)
  eden space 303104K, 5% used [0x00000000d5d80000,0x00000000d6decb08,0x00000000e8580000)
  from space 16384K, 0% used [0x00000000e8580000,0x00000000e8580000,0x00000000e9580000)
  to   space 20480K, 0% used [0x00000000ee600000,0x00000000ee600000,0x00000000efa00000)
 ParOldGen       total 118784K, used 38077K [0x0000000081800000, 0x0000000088c00000, 0x00000000d5d80000)
  object space 118784K, 32% used [0x0000000081800000,0x0000000083d2f7d8,0x0000000088c00000)
 Metaspace       used 56660K, capacity 59621K, committed 59776K, reserved 1101824K
  class space    used 7725K, capacity 8300K, committed 8320K, reserved 1048576K
Event: 114.323 GC heap after
Heap after GC invocations=15 (full 3):
 PSYoungGen      total 401408K, used 691K [0x00000000d5d80000, 0x00000000f1080000, 0x0000000100000000)
  eden space 380928K, 0% used [0x00000000d5d80000,0x00000000d5d80000,0x00000000ed180000)
  from space 20480K, 3% used [0x00000000ee600000,0x00000000ee6acc20,0x00000000efa00000)
  to   space 20992K, 0% used [0x00000000ed180000,0x00000000ed180000,0x00000000ee600000)
 ParOldGen       total 118784K, used 38077K [0x0000000081800000, 0x0000000088c00000, 0x00000000d5d80000)
  object space 118784K, 32% used [0x0000000081800000,0x0000000083d2f7d8,0x0000000088c00000)
 Metaspace       used 56660K, capacity 59621K, committed 59776K, reserved 1101824K
  class space    used 7725K, capacity 8300K, committed 8320K, reserved 1048576K
}
Event: 114.323 GC heap before
{Heap before GC invocations=16 (full 4):
 PSYoungGen      total 401408K, used 691K [0x00000000d5d80000, 0x00000000f1080000, 0x0000000100000000)
  eden space 380928K, 0% used [0x00000000d5d80000,0x00000000d5d80000,0x00000000ed180000)
  from space 20480K, 3% used [0x00000000ee600000,0x00000000ee6acc20,0x00000000efa00000)
  to   space 20992K, 0% used [0x00000000ed180000,0x00000000ed180000,0x00000000ee600000)
 ParOldGen       total 118784K, used 38077K [0x0000000081800000, 0x0000000088c00000, 0x00000000d5d80000)
  object space 118784K, 32% used [0x0000000081800000,0x0000000083d2f7d8,0x0000000088c00000)
 Metaspace       used 56660K, capacity 59621K, committed 59776K, reserved 1101824K
  class space    used 7725K, capacity 8300K, committed 8320K, reserved 1048576K
Event: 114.588 GC heap after
Heap after GC invocations=16 (full 4):
 PSYoungGen      total 401408K, used 0K [0x00000000d5d80000, 0x00000000f1080000, 0x0000000100000000)
  eden space 380928K, 0% used [0x00000000d5d80000,0x00000000d5d80000,0x00000000ed180000)
  from space 20480K, 0% used [0x00000000ee600000,0x00000000ee600000,0x00000000efa00000)
  to   space 20992K, 0% used [0x00000000ed180000,0x00000000ed180000,0x00000000ee600000)
 ParOldGen       total 118784K, used 26277K [0x0000000081800000, 0x0000000088c00000, 0x00000000d5d80000)
  object space 118784K, 22% used [0x0000000081800000,0x00000000831a9730,0x0000000088c00000)
 Metaspace       used 56660K, capacity 59621K, committed 59776K, reserved 1101824K
  class space    used 7725K, capacity 8300K, committed 8320K, reserved 1048576K
}

