# JRE version: Java(TM) SE Runtime Environment (8.0_101-b13) (build 1.8.0_101-b13)
# Java VM: Java HotSpot(TM) 64-Bit Server VM (25.101-b13 mixed mode windows-amd64 compressed oops)
Heap:
 PSYoungGen      total 307200K, used 212576K [0x00000000d5d80000, 0x00000000e9680000, 0x0000000100000000)
  eden space 295424K, 71% used [0x00000000d5d80000,0x00000000e2d181c0,0x00000000e7e00000)
  from space 11776K, 0% used [0x00000000e8a00000,0x00000000e8a00000,0x00000000e9580000)
  to   space 12288K, 0% used [0x00000000e7e00000,0x00000000e7e00000,0x00000000e8a00000)
 ParOldGen       total 82944K, used 33014K [0x0000000081800000, 0x0000000086900000, 0x00000000d5d80000)
  object space 82944K, 39% used [0x0000000081800000,0x000000008383d940,0x0000000086900000)
 Metaspace       used 61790K, capacity 67740K, committed 68096K, reserved 1107968K
  class space    used 8357K, capacity 9603K, committed 9728K, reserved 1048576K
GC Heap History (10 events):
Event: 3319.579 GC heap before
{Heap before GC invocations=44 (full 18):
 PSYoungGen      total 308224K, used 8141K [0x00000000d5d80000, 0x00000000e9680000, 0x0000000100000000)
  eden space 295936K, 0% used [0x00000000d5d80000,0x00000000d5d80000,0x00000000e7e80000)
  from space 12288K, 66% used [0x00000000e8a80000,0x00000000e9273498,0x00000000e9680000)
  to   space 12288K, 0% used [0x00000000e7e80000,0x00000000e7e80000,0x00000000e8a80000)
 ParOldGen       total 82944K, used 30295K [0x0000000081800000, 0x0000000086900000, 0x00000000d5d80000)
  object space 82944K, 36% used [0x0000000081800000,0x0000000083595d38,0x0000000086900000)
 Metaspace       used 59058K, capacity 63992K, committed 64256K, reserved 1103872K
  class space    used 8031K, capacity 9175K, committed 9216K, reserved 1048576K
Event: 3319.926 GC heap after
Heap after GC invocations=44 (full 18):
 PSYoungGen      total 308224K, used 0K [0x00000000d5d80000, 0x00000000e9680000, 0x0000000100000000)
  eden space 295936K, 0% used [0x00000000d5d80000,0x00000000d5d80000,0x00000000e7e80000)
  from space 12288K, 0% used [0x00000000e8a80000,0x00000000e8a80000,0x00000000e9680000)
  to   space 12288K, 0% used [0x00000000e7e80000,0x00000000e7e80000,0x00000000e8a80000)
 ParOldGen       total 82944K, used 30645K [0x0000000081800000, 0x0000000086900000, 0x00000000d5d80000)
  object space 82944K, 36% used [0x0000000081800000,0x00000000835ed580,0x0000000086900000)
 Metaspace       used 59058K, capacity 63992K, committed 64256K, reserved 1103872K
  class space    used 8031K, capacity 9175K, committed 9216K, reserved 1048576K
}
Event: 3527.622 GC heap before
{Heap before GC invocations=45 (full 18):
 PSYoungGen      total 308224K, used 212755K [0x00000000d5d80000, 0x00000000e9680000, 0x0000000100000000)
  eden space 295936K, 71% used [0x00000000d5d80000,0x00000000e2d44fa8,0x00000000e7e80000)
  from space 12288K, 0% used [0x00000000e8a80000,0x00000000e8a80000,0x00000000e9680000)
  to   space 12288K, 0% used [0x00000000e7e80000,0x00000000e7e80000,0x00000000e8a80000)
 ParOldGen       total 82944K, used 30645K [0x0000000081800000, 0x0000000086900000, 0x00000000d5d80000)
  object space 82944K, 36% used [0x0000000081800000,0x00000000835ed580,0x0000000086900000)
 Metaspace       used 59260K, capacity 64256K, committed 64384K, reserved 1103872K
  class space    used 8054K, capacity 9257K, committed 9344K, reserved 1048576K
Event: 3527.635 GC heap after
Heap after GC invocations=45 (full 18):
 PSYoungGen      total 304128K, used 7785K [0x00000000d5d80000, 0x00000000e9580000, 0x0000000100000000)
  eden space 295936K, 0% used [0x00000000d5d80000,0x00000000d5d80000,0x00000000e7e80000)
  from space 8192K, 95% used [0x00000000e7e80000,0x00000000e861a570,0x00000000e8680000)
  to   space 11776K, 0% used [0x00000000e8a00000,0x00000000e8a00000,0x00000000e9580000)
 ParOldGen       total 82944K, used 30653K [0x0000000081800000, 0x0000000086900000, 0x00000000d5d80000)
  object space 82944K, 36% used [0x0000000081800000,0x00000000835ef580,0x0000000086900000)
 Metaspace       used 59260K, capacity 64256K, committed 64384K, reserved 1103872K
  class space    used 8054K, capacity 9257K, committed 9344K, reserved 1048576K
}
Event: 3527.635 GC heap before
{Heap before GC invocations=46 (full 19):
 PSYoungGen      total 304128K, used 7785K [0x00000000d5d80000, 0x00000000e9580000, 0x0000000100000000)
  eden space 295936K, 0% used [0x00000000d5d80000,0x00000000d5d80000,0x00000000e7e80000)
  from space 8192K, 95% used [0x00000000e7e80000,0x00000000e861a570,0x00000000e8680000)
  to   space 11776K, 0% used [0x00000000e8a00000,0x00000000e8a00000,0x00000000e9580000)
 ParOldGen       total 82944K, used 30653K [0x0000000081800000, 0x0000000086900000, 0x00000000d5d80000)
  object space 82944K, 36% used [0x0000000081800000,0x00000000835ef580,0x0000000086900000)
 Metaspace       used 59260K, capacity 64256K, committed 64384K, reserved 1103872K
  class space    used 8054K, capacity 9257K, committed 9344K, reserved 1048576K
Event: 3527.760 GC heap after
Heap after GC invocations=46 (full 19):
 PSYoungGen      total 304128K, used 0K [0x00000000d5d80000, 0x00000000e9580000, 0x0000000100000000)
  eden space 295936K, 0% used [0x00000000d5d80000,0x00000000d5d80000,0x00000000e7e80000)
  from space 8192K, 0% used [0x00000000e7e80000,0x00000000e7e80000,0x00000000e8680000)
  to   space 11776K, 0% used [0x00000000e8a00000,0x00000000e8a00000,0x00000000e9580000)
 ParOldGen       total 82944K, used 30822K [0x0000000081800000, 0x0000000086900000, 0x00000000d5d80000)
  object space 82944K, 37% used [0x0000000081800000,0x0000000083619bb0,0x0000000086900000)
 Metaspace       used 59260K, capacity 64256K, committed 64384K, reserved 1103872K
  class space    used 8054K, capacity 9257K, committed 9344K, reserved 1048576K
}
Event: 4209.616 GC heap before
{Heap before GC invocations=47 (full 19):
 PSYoungGen      total 304128K, used 285203K [0x00000000d5d80000, 0x00000000e9580000, 0x0000000100000000)
  eden space 295936K, 96% used [0x00000000d5d80000,0x00000000e7404f50,0x00000000e7e80000)
  from space 8192K, 0% used [0x00000000e7e80000,0x00000000e7e80000,0x00000000e8680000)
  to   space 11776K, 0% used [0x00000000e8a00000,0x00000000e8a00000,0x00000000e9580000)
 ParOldGen       total 82944K, used 30822K [0x0000000081800000, 0x0000000086900000, 0x00000000d5d80000)
  object space 82944K, 37% used [0x0000000081800000,0x0000000083619bb0,0x0000000086900000)
 Metaspace       used 61491K, capacity 67122K, committed 67200K, reserved 1107968K
  class space    used 8327K, capacity 9554K, committed 9600K, reserved 1048576K
Event: 4209.626 GC heap after
Heap after GC invocations=47 (full 19):
 PSYoungGen      total 307200K, used 10259K [0x00000000d5d80000, 0x00000000e9680000, 0x0000000100000000)
  eden space 295424K, 0% used [0x00000000d5d80000,0x00000000d5d80000,0x00000000e7e00000)
  from space 11776K, 87% used [0x00000000e8a00000,0x00000000e9404d28,0x00000000e9580000)
  to   space 12288K, 0% used [0x00000000e7e00000,0x00000000e7e00000,0x00000000e8a00000)
 ParOldGen       total 82944K, used 30830K [0x0000000081800000, 0x0000000086900000, 0x00000000d5d80000)
  object space 82944K, 37% used [0x0000000081800000,0x000000008361bbb0,0x0000000086900000)
 Metaspace       used 61491K, capacity 67122K, committed 67200K, reserved 1107968K
  class space    used 8327K, capacity 9554K, committed 9600K, reserved 1048576K
}
Event: 4209.626 GC heap before
{Heap before GC invocations=48 (full 20):
 PSYoungGen      total 307200K, used 10259K [0x00000000d5d80000, 0x00000000e9680000, 0x0000000100000000)
  eden space 295424K, 0% used [0x00000000d5d80000,0x00000000d5d80000,0x00000000e7e00000)
  from space 11776K, 87% used [0x00000000e8a00000,0x00000000e9404d28,0x00000000e9580000)
  to   space 12288K, 0% used [0x00000000e7e00000,0x00000000e7e00000,0x00000000e8a00000)
 ParOldGen       total 82944K, used 30830K [0x0000000081800000, 0x0000000086900000, 0x00000000d5d80000)
  object space 82944K, 37% used [0x0000000081800000,0x000000008361bbb0,0x0000000086900000)
 Metaspace       used 61491K, capacity 67122K, committed 67200K, reserved 1107968K
  class space    used 8327K, capacity 9554K, committed 9600K, reserved 1048576K
Event: 4210.024 GC heap after
Heap after GC invocations=48 (full 20):
 PSYoungGen      total 307200K, used 0K [0x00000000d5d80000, 0x00000000e9680000, 0x0000000100000000)
  eden space 295424K, 0% used [0x00000000d5d80000,0x00000000d5d80000,0x00000000e7e00000)
  from space 11776K, 0% used [0x00000000e8a00000,0x00000000e8a00000,0x00000000e9580000)
  to   space 12288K, 0% used [0x00000000e7e00000,0x00000000e7e00000,0x00000000e8a00000)
 ParOldGen       total 82944K, used 33014K [0x0000000081800000, 0x0000000086900000, 0x00000000d5d80000)
  object space 82944K, 39% used [0x0000000081800000,0x000000008383d940,0x0000000086900000)
 Metaspace       used 61491K, capacity 67122K, committed 67200K, reserved 1107968K
  class space    used 8327K, capacity 9554K, committed 9600K, reserved 1048576K
}

